<?xml version="1.0" encoding="UTF-8"?>
<testsuite xmlns:xsi="http://www.w3.org/2001/XMLSchema-instance" xsi:noNamespaceSchemaLocation="https://maven.apache.org/surefire/maven-surefire-plugin/xsd/surefire-test-report-3.0.xsd" version="3.0" name="io.forja.components.FxIconButtonTest" time="3.184" tests="8" errors="0" skipped="0" failures="0">
  <properties>
[...]
</properties>
  <testcase name="iconPositionMapsToContentDisplay" classname="io.forja.components.FxIconButtonTest" time="0.418"/>
  <testcase name="allIconPositionsHaveCorrespondingPseudoClass" classname="io.forja.components.FxIconButtonTest" time="0.422"/>
  <testcase name="iconPositionPseudoClassUpdates" classname="io.forja.components.FxIconButtonTest" time="0.364"/>
  <testcase name="constructorVariants" classname="io.forja.components.FxIconButtonTest" time="0.469"/>
  <testcase name="variantAndLoadingInheritFxButtonBehavior" classname="io.forja.components.FxIconButtonTest" time="0.415"/>
  <testcase name="builderSetsAllProperties" classname="io.forja.components.FxIconButtonTest" time="0.364"/>
  <testcase name="changingIconLiteralRebuildsGraphic" classname="io.forja.components.FxIconButtonTest" time="0.413"/>
  <testcase name="builderDefaults" classname="io.forja.components.FxIconButtonTest" time="0.312"/>
</testsuite>