<?xml version="1.0" encoding="UTF-8"?>
<testsuite xmlns:xsi="http://www.w3.org/2001/XMLSchema-instance" xsi:noNamespaceSchemaLocation="https://maven.apache.org/surefire/maven-surefire-plugin/xsd/surefire-test-report-3.0.xsd" version="3.0" name="io.forja.components.FxAvatarTest" time="2.752" tests="7" errors="0" skipped="0" failures="0">
  <properties>
[...]
</properties>
  <testcase name="allSizesMapToCorrectPseudoClassAndDiameter" classname="io.forja.components.FxAvatarTest" time="0.428"/>
  <testcase name="nullOrEmptySourceHidesImageView" classname="io.forja.components.FxAvatarTest" time="0.432"/>
  <testcase name="constructorVariants" classname="io.forja.components.FxAvatarTest" time="0.434"/>
  <testcase name="builderSetsAllProperties" classname="io.forja.components.FxAvatarTest" time="0.325"/>
  <testcase name="initialsPropertyPropagatesToLabel" classname="io.forja.components.FxAvatarTest" time="0.429"/>
  <testcase name="builderDefaults" classname="io.forja.components.FxAvatarTest" time="0.322"/>
  <testcase name="sizePseudoClassUpdates" classname="io.forja.components.FxAvatarTest" time="0.377"/>
</testsuite>