<?xml version="1.0" encoding="UTF-8"?>
<testsuite xmlns:xsi="http://www.w3.org/2001/XMLSchema-instance" xsi:noNamespaceSchemaLocation="https://maven.apache.org/surefire/maven-surefire-plugin/xsd/surefire-test-report-3.0.xsd" version="3.0" name="io.forja.components.PhaseCSmokeTest" time="4.896" tests="13" errors="0" skipped="0" failures="0">
  <properties>
[...]
</properties>
  <testcase name="autocomplete_filtersOnText" classname="io.forja.components.PhaseCSmokeTest" time="0.411"/>
  <testcase name="tagInput_addAndRemove" classname="io.forja.components.PhaseCSmokeTest" time="0.42"/>
  <testcase name="rating_readonlyBlocksMouseHandlers" classname="io.forja.components.PhaseCSmokeTest" time="0.313"/>
  <testcase name="multiSelect_updatesSummary" classname="io.forja.components.PhaseCSmokeTest" time="0.418"/>
  <testcase name="rating_onChangeFires" classname="io.forja.components.PhaseCSmokeTest" time="0.363"/>
  <testcase name="colorPicker_setsValue" classname="io.forja.components.PhaseCSmokeTest" time="0.311"/>
  <testcase name="rangeSlider_clampsCrossing" classname="io.forja.components.PhaseCSmokeTest" time="0.417"/>
  <testcase name="rating_setValueClamps" classname="io.forja.components.PhaseCSmokeTest" time="0.415"/>
  <testcase name="autocomplete_manuallyChoose" classname="io.forja.components.PhaseCSmokeTest" time="0.363"/>
  <testcase name="maskedInput_acceptsMatchingDigits" classname="io.forja.components.PhaseCSmokeTest" time="0.365"/>
  <testcase name="maskedInput_rejectsBadChar" classname="io.forja.components.PhaseCSmokeTest" time="0.362"/>
  <testcase name="otpInput_onCompleteFires" classname="io.forja.components.PhaseCSmokeTest" time="0.365"/>
  <testcase name="otpInput_buildsBoxesAndReadsCode" classname="io.forja.components.PhaseCSmokeTest" time="0.364"/>
</testsuite>